0 info it worked if it ends with ok
1 verbose cli [ 'node', '/Users/fargo/.npm-packages/bin/npm', 'start' ]
2 info using npm@3.7.2
3 info using node@v0.10.36
4 verbose run-script [ 'prestart', 'start', 'poststart' ]
5 info lifecycle empty-example@0.0.1~prestart: empty-example@0.0.1
6 silly lifecycle empty-example@0.0.1~prestart: no script for prestart, continuing
7 info lifecycle empty-example@0.0.1~start: empty-example@0.0.1
8 verbose lifecycle empty-example@0.0.1~start: unsafe-perm in lifecycle true
9 verbose lifecycle empty-example@0.0.1~start: PATH: /Users/fargo/.npm-packages/lib/node_modules/npm/bin/node-gyp-bin:/Users/fargo/dev/node/tut/empty-example/node_modules/.bin:/usr/local/bin:/Users/fargo/.npm-packages/bin:/usr/local/mysql/bin:/Applications/Postgres.app/Contents/Versions/9.4/bin:/usr/local/Cellar/sqlite/3.8.11/bin/sqlite3:/usr/local/bin:/usr/bin:/bin:/usr/sbin:/sbin:/opt/X11/bin:/Users/fargo/Library/Android/sdk/platform-tools/
10 verbose lifecycle empty-example@0.0.1~start: CWD: /Users/fargo/dev/node/tut/empty-example
11 silly lifecycle empty-example@0.0.1~start: Args: [ '-c', 'node server.js' ]
12 silly lifecycle empty-example@0.0.1~start: Returned: code: 8  signal: null
13 info lifecycle empty-example@0.0.1~start: Failed to exec start script
14 verbose stack Error: empty-example@0.0.1 start: `node server.js`
14 verbose stack Exit status 8
14 verbose stack     at EventEmitter.<anonymous> (/Users/fargo/.npm-packages/lib/node_modules/npm/lib/utils/lifecycle.js:239:16)
14 verbose stack     at EventEmitter.emit (events.js:98:17)
14 verbose stack     at ChildProcess.<anonymous> (/Users/fargo/.npm-packages/lib/node_modules/npm/lib/utils/spawn.js:24:14)
14 verbose stack     at ChildProcess.emit (events.js:98:17)
14 verbose stack     at maybeClose (child_process.js:766:16)
14 verbose stack     at Process.ChildProcess._handle.onexit (child_process.js:833:5)
15 verbose pkgid empty-example@0.0.1
16 verbose cwd /Users/fargo/dev/node/tut/empty-example
17 error Darwin 14.5.0
18 error argv "node" "/Users/fargo/.npm-packages/bin/npm" "start"
19 error node v0.10.36
20 error npm  v3.7.2
21 error code ELIFECYCLE
22 error empty-example@0.0.1 start: `node server.js`
22 error Exit status 8
23 error Failed at the empty-example@0.0.1 start script 'node server.js'.
23 error Make sure you have the latest version of node.js and npm installed.
23 error If you do, this is most likely a problem with the empty-example package,
23 error not with npm itself.
23 error Tell the author that this fails on your system:
23 error     node server.js
23 error You can get information on how to open an issue for this project with:
23 error     npm bugs empty-example
23 error Or if that isn't available, you can get their info via:
23 error     npm owner ls empty-example
23 error There is likely additional logging output above.
24 verbose exit [ 1, true ]
